<?xml version="1.0" encoding="UTF-8"?>
<testng-results total="1" passed="1" failed="0" skipped="0">
  <reporter-output>
  </reporter-output>
  <suite started-at="2019-08-10T21:12:42Z" name="Default suite" finished-at="2019-08-10T21:13:02Z" duration-ms="19227">
    <groups>
    </groups>
    <test started-at="2019-08-10T21:12:42Z" name="Default test" finished-at="2019-08-10T21:13:02Z" duration-ms="19227">
      <class name="test.AddContactTest">
        <test-method signature="AddContact()[pri:0, instance:test.AddContactTest@30af5b6b]" started-at="2019-08-10T15:12:42Z" name="AddContact" finished-at="2019-08-10T15:13:02Z" duration-ms="19227" status="PASS">
          <reporter-output>
          </reporter-output>
        </test-method> <!-- AddContact -->
      </class> <!-- test.AddContactTest -->
    </test> <!-- Default test -->
  </suite> <!-- Default suite -->
</testng-results>
